<?xml version="1.0" encoding="UTF-8"?>
<testsuite name="AnalyzerTest" tests="1" skipped="0" failures="0" errors="0" timestamp="2022-05-28T04:35:40" hostname="WIN7-PC" time="0.064">
  <properties/>
  <testcase name="should_ReturnTow_When_FindTowCompany()" classname="AnalyzerTest" time="0.064"/>
  <system-out><![CDATA[]]></system-out>
  <system-err><![CDATA[]]></system-err>
</testsuite>
